13-Apr-2022 01:23:39.920 INFO [main] org.apache.catalina.startup.VersionLoggerListener.log Server version name:   Apache Tomcat/8.5.78
13-Apr-2022 01:23:39.928 INFO [main] org.apache.catalina.startup.VersionLoggerListener.log Server built:          Mar 31 2022 16:05:28 UTC
13-Apr-2022 01:23:39.928 INFO [main] org.apache.catalina.startup.VersionLoggerListener.log Server version number: 8.5.78.0
13-Apr-2022 01:23:39.929 INFO [main] org.apache.catalina.startup.VersionLoggerListener.log OS Name:               Linux
13-Apr-2022 01:23:39.930 INFO [main] org.apache.catalina.startup.VersionLoggerListener.log OS Version:            5.11.0-1022-aws
13-Apr-2022 01:23:39.930 INFO [main] org.apache.catalina.startup.VersionLoggerListener.log Architecture:          amd64
13-Apr-2022 01:23:39.931 INFO [main] org.apache.catalina.startup.VersionLoggerListener.log Java Home:             /usr/lib/jvm/java-8-openjdk-amd64/jre
13-Apr-2022 01:23:39.931 INFO [main] org.apache.catalina.startup.VersionLoggerListener.log JVM Version:           1.8.0_312-8u312-b07-0ubuntu1~20.04-b07
13-Apr-2022 01:23:39.931 INFO [main] org.apache.catalina.startup.VersionLoggerListener.log JVM Vendor:            Private Build
13-Apr-2022 01:23:39.931 INFO [main] org.apache.catalina.startup.VersionLoggerListener.log CATALINA_BASE:         /home/ubuntu/apache-tomcat-8.5.78
13-Apr-2022 01:23:39.932 INFO [main] org.apache.catalina.startup.VersionLoggerListener.log CATALINA_HOME:         /home/ubuntu/apache-tomcat-8.5.78
13-Apr-2022 01:23:39.932 INFO [main] org.apache.catalina.startup.VersionLoggerListener.log Command line argument: -Djava.util.logging.config.file=/home/ubuntu/apache-tomcat-8.5.78/conf/logging.properties
13-Apr-2022 01:23:39.932 INFO [main] org.apache.catalina.startup.VersionLoggerListener.log Command line argument: -Djava.util.logging.manager=org.apache.juli.ClassLoaderLogManager
13-Apr-2022 01:23:39.933 INFO [main] org.apache.catalina.startup.VersionLoggerListener.log Command line argument: -Djdk.tls.ephemeralDHKeySize=2048
13-Apr-2022 01:23:39.933 INFO [main] org.apache.catalina.startup.VersionLoggerListener.log Command line argument: -Djava.protocol.handler.pkgs=org.apache.catalina.webresources
13-Apr-2022 01:23:39.933 INFO [main] org.apache.catalina.startup.VersionLoggerListener.log Command line argument: -Dorg.apache.catalina.security.SecurityListener.UMASK=0027
13-Apr-2022 01:23:39.934 INFO [main] org.apache.catalina.startup.VersionLoggerListener.log Command line argument: -Dignore.endorsed.dirs=
13-Apr-2022 01:23:39.934 INFO [main] org.apache.catalina.startup.VersionLoggerListener.log Command line argument: -Dcatalina.base=/home/ubuntu/apache-tomcat-8.5.78
13-Apr-2022 01:23:39.934 INFO [main] org.apache.catalina.startup.VersionLoggerListener.log Command line argument: -Dcatalina.home=/home/ubuntu/apache-tomcat-8.5.78
13-Apr-2022 01:23:39.934 INFO [main] org.apache.catalina.startup.VersionLoggerListener.log Command line argument: -Djava.io.tmpdir=/home/ubuntu/apache-tomcat-8.5.78/temp
13-Apr-2022 01:23:39.934 INFO [main] org.apache.catalina.core.AprLifecycleListener.lifecycleEvent The Apache Tomcat Native library which allows using OpenSSL was not found on the java.library.path: [/usr/java/packages/lib/amd64:/usr/lib/x86_64-linux-gnu/jni:/lib/x86_64-linux-gnu:/usr/lib/x86_64-linux-gnu:/usr/lib/jni:/lib:/usr/lib]
13-Apr-2022 01:23:40.118 INFO [main] org.apache.coyote.AbstractProtocol.init Initializing ProtocolHandler ["http-nio-8080"]
13-Apr-2022 01:23:40.191 INFO [main] org.apache.catalina.startup.Catalina.load Initialization processed in 1291 ms
13-Apr-2022 01:23:40.261 INFO [main] org.apache.catalina.core.StandardService.startInternal Starting service [Catalina]
13-Apr-2022 01:23:40.262 INFO [main] org.apache.catalina.core.StandardEngine.startInternal Starting Servlet engine: [Apache Tomcat/8.5.78]
13-Apr-2022 01:23:40.286 INFO [localhost-startStop-1] org.apache.catalina.startup.HostConfig.deployDirectory Deploying web application directory [/home/ubuntu/apache-tomcat-8.5.78/webapps/docs]
13-Apr-2022 01:23:40.769 INFO [localhost-startStop-1] org.apache.catalina.startup.HostConfig.deployDirectory Deployment of web application directory [/home/ubuntu/apache-tomcat-8.5.78/webapps/docs] has finished in [483] ms
13-Apr-2022 01:23:40.770 INFO [localhost-startStop-1] org.apache.catalina.startup.HostConfig.deployDirectory Deploying web application directory [/home/ubuntu/apache-tomcat-8.5.78/webapps/host-manager]
13-Apr-2022 01:23:40.842 INFO [localhost-startStop-1] org.apache.catalina.startup.HostConfig.deployDirectory Deployment of web application directory [/home/ubuntu/apache-tomcat-8.5.78/webapps/host-manager] has finished in [72] ms
13-Apr-2022 01:23:40.843 INFO [localhost-startStop-1] org.apache.catalina.startup.HostConfig.deployDirectory Deploying web application directory [/home/ubuntu/apache-tomcat-8.5.78/webapps/ROOT]
13-Apr-2022 01:23:40.874 INFO [localhost-startStop-1] org.apache.catalina.startup.HostConfig.deployDirectory Deployment of web application directory [/home/ubuntu/apache-tomcat-8.5.78/webapps/ROOT] has finished in [31] ms
13-Apr-2022 01:23:40.875 INFO [localhost-startStop-1] org.apache.catalina.startup.HostConfig.deployDirectory Deploying web application directory [/home/ubuntu/apache-tomcat-8.5.78/webapps/examples]
13-Apr-2022 01:23:41.340 INFO [localhost-startStop-1] org.apache.catalina.startup.HostConfig.deployDirectory Deployment of web application directory [/home/ubuntu/apache-tomcat-8.5.78/webapps/examples] has finished in [464] ms
13-Apr-2022 01:23:41.341 INFO [localhost-startStop-1] org.apache.catalina.startup.HostConfig.deployDirectory Deploying web application directory [/home/ubuntu/apache-tomcat-8.5.78/webapps/manager]
13-Apr-2022 01:23:41.382 INFO [localhost-startStop-1] org.apache.catalina.startup.HostConfig.deployDirectory Deployment of web application directory [/home/ubuntu/apache-tomcat-8.5.78/webapps/manager] has finished in [41] ms
13-Apr-2022 01:23:41.388 INFO [main] org.apache.coyote.AbstractProtocol.start Starting ProtocolHandler ["http-nio-8080"]
13-Apr-2022 01:23:41.428 INFO [main] org.apache.catalina.startup.Catalina.start Server startup in 1236 ms
13-Apr-2022 01:27:01.425 INFO [localhost-startStop-2] org.apache.catalina.startup.HostConfig.deployWAR Deploying web application archive [/home/ubuntu/apache-tomcat-8.5.78/webapps/vprofile-v1.war]
13-Apr-2022 01:27:03.516 INFO [localhost-startStop-2] org.apache.jasper.servlet.TldScanner.scanJars At least one JAR was scanned for TLDs yet contained no TLDs. Enable debug logging for this logger for a complete list of JARs that were scanned but no TLDs were found in them. Skipping unneeded JARs during scanning can improve startup time and JSP compilation time.
01:27:03.827 [localhost-startStop-2] INFO  o.s.w.c.ContextLoader#307 Root WebApplicationContext: initialization started
01:27:03.955 [localhost-startStop-2] INFO  o.s.w.c.s.XmlWebApplicationContext#573 Refreshing Root WebApplicationContext: startup date [Wed Apr 13 01:27:03 UTC 2022]; root of context hierarchy
01:27:04.020 [localhost-startStop-2] INFO  o.s.b.f.x.XmlBeanDefinitionReader#317 Loading XML bean definitions from ServletContext resource [/WEB-INF/appconfig-root.xml]
01:27:04.212 [localhost-startStop-2] INFO  o.s.b.f.x.XmlBeanDefinitionReader#317 Loading XML bean definitions from ServletContext resource [/WEB-INF/appconfig-mvc.xml]
01:27:04.378 [localhost-startStop-2] INFO  o.s.b.f.x.XmlBeanDefinitionReader#317 Loading XML bean definitions from ServletContext resource [/WEB-INF/appconfig-data.xml]
01:27:04.760 [localhost-startStop-2] INFO  o.s.b.f.x.XmlBeanDefinitionReader#317 Loading XML bean definitions from ServletContext resource [/WEB-INF/appconfig-security.xml]
01:27:04.838 [localhost-startStop-2] INFO  o.s.s.c.SpringSecurityCoreVersion#59 You are running with Spring Security Core 4.0.2.RELEASE
01:27:04.841 [localhost-startStop-2] INFO  o.s.s.c.SecurityNamespaceHandler#78 Spring Security 'config' module version is 4.0.2.RELEASE
01:27:04.898 [localhost-startStop-2] INFO  o.s.s.c.h.FilterInvocationSecurityMetadataSourceParser#158 Creating access control expression attribute 'hasRole('ROLE_USER')' for /
01:27:04.898 [localhost-startStop-2] INFO  o.s.s.c.h.FilterInvocationSecurityMetadataSourceParser#158 Creating access control expression attribute 'hasRole('ROLE_USER')' for /welcome
01:27:04.932 [localhost-startStop-2] INFO  o.s.s.c.h.HttpSecurityBeanDefinitionParser#306 Checking sorted filter chain: [Root bean: class [org.springframework.security.web.context.SecurityContextPersistenceFilter]; scope=; abstract=false; lazyInit=false; autowireMode=0; dependencyCheck=0; autowireCandidate=true; primary=false; factoryBeanName=null; factoryMethodName=null; initMethodName=null; destroyMethodName=null, order = 200, Root bean: class [org.springframework.security.web.context.request.async.WebAsyncManagerIntegrationFilter]; scope=; abstract=false; lazyInit=false; autowireMode=0; dependencyCheck=0; autowireCandidate=true; primary=false; factoryBeanName=null; factoryMethodName=null; initMethodName=null; destroyMethodName=null, order = 400, Root bean: class [org.springframework.security.web.header.HeaderWriterFilter]; scope=; abstract=false; lazyInit=false; autowireMode=0; dependencyCheck=0; autowireCandidate=true; primary=false; factoryBeanName=null; factoryMethodName=null; initMethodName=null; destroyMethodName=null, order = 500, Root bean: class [org.springframework.security.web.csrf.CsrfFilter]; scope=; abstract=false; lazyInit=false; autowireMode=0; dependencyCheck=0; autowireCandidate=true; primary=false; factoryBeanName=null; factoryMethodName=null; initMethodName=null; destroyMethodName=null, order = 600, Root bean: class [org.springframework.security.web.authentication.logout.LogoutFilter]; scope=; abstract=false; lazyInit=false; autowireMode=0; dependencyCheck=0; autowireCandidate=true; primary=false; factoryBeanName=null; factoryMethodName=null; initMethodName=null; destroyMethodName=null, order = 700, <org.springframework.security.web.authentication.UsernamePasswordAuthenticationFilter#0>, order = 1100, Root bean: class [org.springframework.security.web.authentication.www.BasicAuthenticationFilter]; scope=; abstract=false; lazyInit=false; autowireMode=0; dependencyCheck=0; autowireCandidate=true; primary=false; factoryBeanName=null; factoryMethodName=null; initMethodName=null; destroyMethodName=null, order = 1500, Root bean: class [org.springframework.security.web.savedrequest.RequestCacheAwareFilter]; scope=; abstract=false; lazyInit=false; autowireMode=0; dependencyCheck=0; autowireCandidate=true; primary=false; factoryBeanName=null; factoryMethodName=null; initMethodName=null; destroyMethodName=null, order = 1600, Root bean: class [org.springframework.security.web.servletapi.SecurityContextHolderAwareRequestFilter]; scope=; abstract=false; lazyInit=false; autowireMode=0; dependencyCheck=0; autowireCandidate=true; primary=false; factoryBeanName=null; factoryMethodName=null; initMethodName=null; destroyMethodName=null, order = 1700, Root bean: class [org.springframework.security.web.authentication.AnonymousAuthenticationFilter]; scope=; abstract=false; lazyInit=false; autowireMode=0; dependencyCheck=0; autowireCandidate=true; primary=false; factoryBeanName=null; factoryMethodName=null; initMethodName=null; destroyMethodName=null, order = 2000, Root bean: class [org.springframework.security.web.session.SessionManagementFilter]; scope=; abstract=false; lazyInit=false; autowireMode=0; dependencyCheck=0; autowireCandidate=true; primary=false; factoryBeanName=null; factoryMethodName=null; initMethodName=null; destroyMethodName=null, order = 2100, Root bean: class [org.springframework.security.web.access.ExceptionTranslationFilter]; scope=; abstract=false; lazyInit=false; autowireMode=0; dependencyCheck=0; autowireCandidate=true; primary=false; factoryBeanName=null; factoryMethodName=null; initMethodName=null; destroyMethodName=null, order = 2200, <org.springframework.security.web.access.intercept.FilterSecurityInterceptor#0>, order = 2300]
01:27:05.285 [localhost-startStop-2] INFO  o.s.c.s.PropertySourcesPlaceholderConfigurer#172 Loading properties file from class path resource [application.properties]
01:27:05.573 [localhost-startStop-2] INFO  o.s.o.j.LocalContainerEntityManagerFactoryBean#334 Building JPA container EntityManagerFactory for persistence unit 'default'
01:27:06.944 [localhost-startStop-2] ERROR o.h.t.e.PojoEntityTuplizer#208 HHH000243: Setters of lazy classes cannot be final: com.visualpathit.account.model.User.password
01:27:06.945 [localhost-startStop-2] ERROR o.h.t.e.PojoEntityTuplizer#208 HHH000243: Setters of lazy classes cannot be final: com.visualpathit.account.model.User.roles
01:27:06.946 [localhost-startStop-2] ERROR o.h.t.e.PojoEntityTuplizer#208 HHH000243: Setters of lazy classes cannot be final: com.visualpathit.account.model.User.userEmail
01:27:06.946 [localhost-startStop-2] ERROR o.h.t.e.PojoEntityTuplizer#208 HHH000243: Setters of lazy classes cannot be final: com.visualpathit.account.model.User.username
01:27:06.989 [localhost-startStop-2] ERROR o.h.t.e.PojoEntityTuplizer#208 HHH000243: Setters of lazy classes cannot be final: com.visualpathit.account.model.Role.name
01:27:06.990 [localhost-startStop-2] ERROR o.h.t.e.PojoEntityTuplizer#208 HHH000243: Setters of lazy classes cannot be final: com.visualpathit.account.model.Role.users
01:27:07.415 [localhost-startStop-2] INFO  o.s.w.s.m.m.a.RequestMappingHandlerMapping#532 Mapped "{[/ || /welcome],methods=[GET]}" onto public final java.lang.String com.visualpathit.account.controller.UserController.welcome(org.springframework.ui.Model)
01:27:07.416 [localhost-startStop-2] INFO  o.s.w.s.m.m.a.RequestMappingHandlerMapping#532 Mapped "{[/index],methods=[GET]}" onto public final java.lang.String com.visualpathit.account.controller.UserController.indexHome(org.springframework.ui.Model)
01:27:07.416 [localhost-startStop-2] INFO  o.s.w.s.m.m.a.RequestMappingHandlerMapping#532 Mapped "{[/registration],methods=[GET]}" onto public final java.lang.String com.visualpathit.account.controller.UserController.registration(org.springframework.ui.Model)
01:27:07.417 [localhost-startStop-2] INFO  o.s.w.s.m.m.a.RequestMappingHandlerMapping#532 Mapped "{[/registration],methods=[POST]}" onto public final java.lang.String com.visualpathit.account.controller.UserController.registration(com.visualpathit.account.model.User,org.springframework.validation.BindingResult,org.springframework.ui.Model)
01:27:07.417 [localhost-startStop-2] INFO  o.s.w.s.m.m.a.RequestMappingHandlerMapping#532 Mapped "{[/login],methods=[GET]}" onto public final java.lang.String com.visualpathit.account.controller.UserController.login(org.springframework.ui.Model,java.lang.String,java.lang.String)
01:27:07.690 [localhost-startStop-2] INFO  o.s.w.s.m.m.a.RequestMappingHandlerAdapter#532 Looking for @ControllerAdvice: Root WebApplicationContext: startup date [Wed Apr 13 01:27:03 UTC 2022]; root of context hierarchy
01:27:07.782 [localhost-startStop-2] INFO  o.s.w.s.m.m.a.RequestMappingHandlerAdapter#532 Looking for @ControllerAdvice: Root WebApplicationContext: startup date [Wed Apr 13 01:27:03 UTC 2022]; root of context hierarchy
01:27:07.888 [localhost-startStop-2] INFO  o.s.w.s.h.SimpleUrlHandlerMapping#341 Mapped URL path [/resources/**] onto handler 'org.springframework.web.servlet.resource.ResourceHttpRequestHandler#0'
01:27:09.302 [localhost-startStop-2] INFO  o.s.s.w.DefaultSecurityFilterChain#28 Creating filter chain: org.springframework.security.web.util.matcher.AnyRequestMatcher@1, [org.springframework.security.web.context.SecurityContextPersistenceFilter@33ecc56b, org.springframework.security.web.context.request.async.WebAsyncManagerIntegrationFilter@5a596e47, org.springframework.security.web.header.HeaderWriterFilter@276e2f33, org.springframework.security.web.csrf.CsrfFilter@1a0fc7fa, org.springframework.security.web.authentication.logout.LogoutFilter@4f1d9e4d, org.springframework.security.web.authentication.UsernamePasswordAuthenticationFilter@5e27fabf, org.springframework.security.web.authentication.www.BasicAuthenticationFilter@8e641ff, org.springframework.security.web.savedrequest.RequestCacheAwareFilter@6cb2670e, org.springframework.security.web.servletapi.SecurityContextHolderAwareRequestFilter@4f7e7323, org.springframework.security.web.authentication.AnonymousAuthenticationFilter@2e6d8a71, org.springframework.security.web.session.SessionManagementFilter@14becffa, org.springframework.security.web.access.ExceptionTranslationFilter@6bcb4074, org.springframework.security.web.access.intercept.FilterSecurityInterceptor@5790c145]
01:27:09.333 [localhost-startStop-2] INFO  o.s.s.c.h.DefaultFilterChainValidator#139 Checking whether login URL '/login' is accessible with your configuration
01:27:09.458 [localhost-startStop-2] INFO  o.s.w.c.ContextLoader#347 Root WebApplicationContext: initialization completed in 5629 ms
01:27:09.482 [localhost-startStop-2] INFO  o.s.w.s.DispatcherServlet#488 FrameworkServlet 'dispatcher': initialization started
01:27:09.487 [localhost-startStop-2] INFO  o.s.w.c.s.XmlWebApplicationContext#573 Refreshing WebApplicationContext for namespace 'dispatcher-servlet': startup date [Wed Apr 13 01:27:09 UTC 2022]; parent: Root WebApplicationContext
01:27:09.502 [localhost-startStop-2] INFO  o.s.w.s.DispatcherServlet#507 FrameworkServlet 'dispatcher': initialization completed in 20 ms
13-Apr-2022 01:27:09.504 INFO [localhost-startStop-2] org.apache.catalina.startup.HostConfig.deployWAR Deployment of web application archive [/home/ubuntu/apache-tomcat-8.5.78/webapps/vprofile-v1.war] has finished in [8,079] ms
