13-Apr-2022 01:23:39.920 INFO [main] org.apache.catalina.startup.VersionLoggerListener.log Server version name:   Apache Tomcat/8.5.78
13-Apr-2022 01:23:39.928 INFO [main] org.apache.catalina.startup.VersionLoggerListener.log Server built:          Mar 31 2022 16:05:28 UTC
13-Apr-2022 01:23:39.928 INFO [main] org.apache.catalina.startup.VersionLoggerListener.log Server version number: 8.5.78.0
13-Apr-2022 01:23:39.929 INFO [main] org.apache.catalina.startup.VersionLoggerListener.log OS Name:               Linux
13-Apr-2022 01:23:39.930 INFO [main] org.apache.catalina.startup.VersionLoggerListener.log OS Version:            5.11.0-1022-aws
13-Apr-2022 01:23:39.930 INFO [main] org.apache.catalina.startup.VersionLoggerListener.log Architecture:          amd64
13-Apr-2022 01:23:39.931 INFO [main] org.apache.catalina.startup.VersionLoggerListener.log Java Home:             /usr/lib/jvm/java-8-openjdk-amd64/jre
13-Apr-2022 01:23:39.931 INFO [main] org.apache.catalina.startup.VersionLoggerListener.log JVM Version:           1.8.0_312-8u312-b07-0ubuntu1~20.04-b07
13-Apr-2022 01:23:39.931 INFO [main] org.apache.catalina.startup.VersionLoggerListener.log JVM Vendor:            Private Build
13-Apr-2022 01:23:39.931 INFO [main] org.apache.catalina.startup.VersionLoggerListener.log CATALINA_BASE:         /home/ubuntu/apache-tomcat-8.5.78
13-Apr-2022 01:23:39.932 INFO [main] org.apache.catalina.startup.VersionLoggerListener.log CATALINA_HOME:         /home/ubuntu/apache-tomcat-8.5.78
13-Apr-2022 01:23:39.932 INFO [main] org.apache.catalina.startup.VersionLoggerListener.log Command line argument: -Djava.util.logging.config.file=/home/ubuntu/apache-tomcat-8.5.78/conf/logging.properties
13-Apr-2022 01:23:39.932 INFO [main] org.apache.catalina.startup.VersionLoggerListener.log Command line argument: -Djava.util.logging.manager=org.apache.juli.ClassLoaderLogManager
13-Apr-2022 01:23:39.933 INFO [main] org.apache.catalina.startup.VersionLoggerListener.log Command line argument: -Djdk.tls.ephemeralDHKeySize=2048
13-Apr-2022 01:23:39.933 INFO [main] org.apache.catalina.startup.VersionLoggerListener.log Command line argument: -Djava.protocol.handler.pkgs=org.apache.catalina.webresources
13-Apr-2022 01:23:39.933 INFO [main] org.apache.catalina.startup.VersionLoggerListener.log Command line argument: -Dorg.apache.catalina.security.SecurityListener.UMASK=0027
13-Apr-2022 01:23:39.934 INFO [main] org.apache.catalina.startup.VersionLoggerListener.log Command line argument: -Dignore.endorsed.dirs=
13-Apr-2022 01:23:39.934 INFO [main] org.apache.catalina.startup.VersionLoggerListener.log Command line argument: -Dcatalina.base=/home/ubuntu/apache-tomcat-8.5.78
13-Apr-2022 01:23:39.934 INFO [main] org.apache.catalina.startup.VersionLoggerListener.log Command line argument: -Dcatalina.home=/home/ubuntu/apache-tomcat-8.5.78
13-Apr-2022 01:23:39.934 INFO [main] org.apache.catalina.startup.VersionLoggerListener.log Command line argument: -Djava.io.tmpdir=/home/ubuntu/apache-tomcat-8.5.78/temp
13-Apr-2022 01:23:39.934 INFO [main] org.apache.catalina.core.AprLifecycleListener.lifecycleEvent The Apache Tomcat Native library which allows using OpenSSL was not found on the java.library.path: [/usr/java/packages/lib/amd64:/usr/lib/x86_64-linux-gnu/jni:/lib/x86_64-linux-gnu:/usr/lib/x86_64-linux-gnu:/usr/lib/jni:/lib:/usr/lib]
13-Apr-2022 01:23:40.118 INFO [main] org.apache.coyote.AbstractProtocol.init Initializing ProtocolHandler ["http-nio-8080"]
13-Apr-2022 01:23:40.191 INFO [main] org.apache.catalina.startup.Catalina.load Initialization processed in 1291 ms
13-Apr-2022 01:23:40.261 INFO [main] org.apache.catalina.core.StandardService.startInternal Starting service [Catalina]
13-Apr-2022 01:23:40.262 INFO [main] org.apache.catalina.core.StandardEngine.startInternal Starting Servlet engine: [Apache Tomcat/8.5.78]
13-Apr-2022 01:23:40.286 INFO [localhost-startStop-1] org.apache.catalina.startup.HostConfig.deployDirectory Deploying web application directory [/home/ubuntu/apache-tomcat-8.5.78/webapps/docs]
13-Apr-2022 01:23:40.769 INFO [localhost-startStop-1] org.apache.catalina.startup.HostConfig.deployDirectory Deployment of web application directory [/home/ubuntu/apache-tomcat-8.5.78/webapps/docs] has finished in [483] ms
13-Apr-2022 01:23:40.770 INFO [localhost-startStop-1] org.apache.catalina.startup.HostConfig.deployDirectory Deploying web application directory [/home/ubuntu/apache-tomcat-8.5.78/webapps/host-manager]
13-Apr-2022 01:23:40.842 INFO [localhost-startStop-1] org.apache.catalina.startup.HostConfig.deployDirectory Deployment of web application directory [/home/ubuntu/apache-tomcat-8.5.78/webapps/host-manager] has finished in [72] ms
13-Apr-2022 01:23:40.843 INFO [localhost-startStop-1] org.apache.catalina.startup.HostConfig.deployDirectory Deploying web application directory [/home/ubuntu/apache-tomcat-8.5.78/webapps/ROOT]
13-Apr-2022 01:23:40.874 INFO [localhost-startStop-1] org.apache.catalina.startup.HostConfig.deployDirectory Deployment of web application directory [/home/ubuntu/apache-tomcat-8.5.78/webapps/ROOT] has finished in [31] ms
13-Apr-2022 01:23:40.875 INFO [localhost-startStop-1] org.apache.catalina.startup.HostConfig.deployDirectory Deploying web application directory [/home/ubuntu/apache-tomcat-8.5.78/webapps/examples]
13-Apr-2022 01:23:41.340 INFO [localhost-startStop-1] org.apache.catalina.startup.HostConfig.deployDirectory Deployment of web application directory [/home/ubuntu/apache-tomcat-8.5.78/webapps/examples] has finished in [464] ms
13-Apr-2022 01:23:41.341 INFO [localhost-startStop-1] org.apache.catalina.startup.HostConfig.deployDirectory Deploying web application directory [/home/ubuntu/apache-tomcat-8.5.78/webapps/manager]
13-Apr-2022 01:23:41.382 INFO [localhost-startStop-1] org.apache.catalina.startup.HostConfig.deployDirectory Deployment of web application directory [/home/ubuntu/apache-tomcat-8.5.78/webapps/manager] has finished in [41] ms
13-Apr-2022 01:23:41.388 INFO [main] org.apache.coyote.AbstractProtocol.start Starting ProtocolHandler ["http-nio-8080"]
13-Apr-2022 01:23:41.428 INFO [main] org.apache.catalina.startup.Catalina.start Server startup in 1236 ms
13-Apr-2022 01:27:01.425 INFO [localhost-startStop-2] org.apache.catalina.startup.HostConfig.deployWAR Deploying web application archive [/home/ubuntu/apache-tomcat-8.5.78/webapps/vprofile-v1.war]
13-Apr-2022 01:27:03.516 INFO [localhost-startStop-2] org.apache.jasper.servlet.TldScanner.scanJars At least one JAR was scanned for TLDs yet contained no TLDs. Enable debug logging for this logger for a complete list of JARs that were scanned but no TLDs were found in them. Skipping unneeded JARs during scanning can improve startup time and JSP compilation time.
13-Apr-2022 01:27:09.504 INFO [localhost-startStop-2] org.apache.catalina.startup.HostConfig.deployWAR Deployment of web application archive [/home/ubuntu/apache-tomcat-8.5.78/webapps/vprofile-v1.war] has finished in [8,079] ms
